0 info it worked if it ends with ok
1 verbose cli [ 'C:\\Program Files\\nodejs\\node.exe',
1 verbose cli   'C:\\Users\\XiaoBai\\AppData\\Roaming\\npm\\node_modules\\npm\\bin\\npm-cli.js',
1 verbose cli   'run',
1 verbose cli   'dev' ]
2 info using npm@3.10.6
3 info using node@v8.11.3
4 verbose run-script [ 'predev', 'dev', 'postdev' ]
5 info lifecycle north-korea-sign@0.0.2~predev: north-korea-sign@0.0.2
6 silly lifecycle north-korea-sign@0.0.2~predev: no script for predev, continuing
7 info lifecycle north-korea-sign@0.0.2~dev: north-korea-sign@0.0.2
8 verbose lifecycle north-korea-sign@0.0.2~dev: unsafe-perm in lifecycle true
9 verbose lifecycle north-korea-sign@0.0.2~dev: PATH: C:\Users\XiaoBai\AppData\Roaming\npm\node_modules\npm\bin\node-gyp-bin;C:\Users\XiaoBai\Desktop\work\final\nk-wxsp\node_modules\.bin;C:\Program Files (x86)\Common Files\Oracle\Java\javapath;C:\ProgramData\Oracle\Java\javapath;C:\Program Files (x86)\Intel\iCLS Client\;C:\Program Files\Intel\iCLS Client\;C:\WINDOWS\system32;C:\WINDOWS;C:\WINDOWS\System32\Wbem;C:\WINDOWS\System32\WindowsPowerShell\v1.0\;C:\Program Files (x86)\Intel\Intel(R) Management Engine Components\DAL;C:\Program Files\Intel\Intel(R) Management Engine Components\DAL;C:\Program Files (x86)\Intel\Intel(R) Management Engine Components\IPT;C:\Program Files\Intel\Intel(R) Management Engine Components\IPT;C:\Program Files\Intel\WiFi\bin\;C:\Program Files\Common Files\Intel\WirelessCommon\;C:\Program Files (x86)\Java\jre1.8.0_161;C:\WINDOWS\System32\OpenSSH\;C:\Program Files\Git\cmd;C:\Program Files\nodejs\;C:\Program Files\TortoiseSVN\bin;C:\Program Files\Microsoft VS Code\bin;C:\Users\XiaoBai\AppData\Local\Programs\Python\Python36\Scripts\;C:\Users\XiaoBai\AppData\Local\Programs\Python\Python36\;C:\Ruby23-x64\bin;D:\Program Files\nodejs;C:\Program Files\nodejs;C:\AppServ\Apache24\bin;C:\AppServ\php5;C:\AppServ\MySQL\bin;C:\Users\XiaoBai\AppData\Local\Microsoft\WindowsApps;C:\Program Files\Intel\WiFi\bin\;C:\Program Files\Common Files\Intel\WirelessCommon\;C:\Users\XiaoBai\AppData\Roaming\npm;C:\Users\XiaoBai\AppData\Local\Programs\Fiddler
10 verbose lifecycle north-korea-sign@0.0.2~dev: CWD: C:\Users\XiaoBai\Desktop\work\final\nk-wxsp
11 silly lifecycle north-korea-sign@0.0.2~dev: Args: [ '/d /s /c', 'wepy build --watch' ]
12 verbose stack Error: kill ENOSYS
12 verbose stack     at Object._errnoException (util.js:992:11)
12 verbose stack     at process.kill (internal/process.js:183:18)
12 verbose stack     at process.listener (C:\Users\XiaoBai\AppData\Roaming\npm\node_modules\npm\node_modules\npmlog\node_modules\gauge\node_modules\signal-exit\index.js:86:15)
12 verbose stack     at emitNone (events.js:106:13)
12 verbose stack     at process.emit (events.js:208:7)
12 verbose stack     at processEmit (C:\Users\XiaoBai\AppData\Roaming\npm\node_modules\npm\node_modules\npmlog\node_modules\gauge\node_modules\signal-exit\index.js:146:32)
12 verbose stack     at Signal.wrap.onsignal (internal/process.js:208:44)
13 verbose cwd C:\Users\XiaoBai\Desktop\work\final\nk-wxsp
14 error Windows_NT 10.0.17134
15 error argv "C:\\Program Files\\nodejs\\node.exe" "C:\\Users\\XiaoBai\\AppData\\Roaming\\npm\\node_modules\\npm\\bin\\npm-cli.js" "run" "dev"
16 error node v8.11.3
17 error npm  v3.10.6
18 error code ENOSYS
19 error errno ENOSYS
20 error syscall kill
21 error kill ENOSYS
22 error If you need help, you may report this error at:
22 error     <https://github.com/npm/npm/issues>
23 verbose exit [ 1, true ]
